<?xml version="1.0" encoding="UTF-8" ?>
<testsuites name="vitest tests" tests="16" failures="16" errors="0" time="0">
    <testsuite name="src/stores/__tests__/authStore.test.ts" timestamp="2025-11-12T06:13:26.347Z" hostname="DESKTOP-SMIUJ0M" tests="1" failures="1" errors="0" skipped="0" time="0">
        <testcase classname="src/stores/__tests__/authStore.test.ts" name="src/stores/__tests__/authStore.test.ts" time="0">
            <failure message="No test suite found in file c:/Users/isaha/Kafkasder-panel/src/stores/__tests__/authStore.test.ts" type="Error">
Error: No test suite found in file c:/Users/isaha/Kafkasder-panel/src/stores/__tests__/authStore.test.ts
            </failure>
        </testcase>
    </testsuite>
    <testsuite name="src/__tests__/api/auth.test.ts" timestamp="2025-11-12T06:13:26.349Z" hostname="DESKTOP-SMIUJ0M" tests="1" failures="1" errors="0" skipped="0" time="0">
        <testcase classname="src/__tests__/api/auth.test.ts" name="src/__tests__/api/auth.test.ts" time="0">
            <failure message="No test suite found in file c:/Users/isaha/Kafkasder-panel/src/__tests__/api/auth.test.ts" type="Error">
Error: No test suite found in file c:/Users/isaha/Kafkasder-panel/src/__tests__/api/auth.test.ts
            </failure>
        </testcase>
    </testsuite>
    <testsuite name="src/__tests__/hooks/useInfiniteScroll.test.ts" timestamp="2025-11-12T06:13:26.350Z" hostname="DESKTOP-SMIUJ0M" tests="1" failures="1" errors="0" skipped="0" time="0">
        <testcase classname="src/__tests__/hooks/useInfiniteScroll.test.ts" name="src/__tests__/hooks/useInfiniteScroll.test.ts" time="0">
            <failure message="No test suite found in file c:/Users/isaha/Kafkasder-panel/src/__tests__/hooks/useInfiniteScroll.test.ts" type="Error">
Error: No test suite found in file c:/Users/isaha/Kafkasder-panel/src/__tests__/hooks/useInfiniteScroll.test.ts
            </failure>
        </testcase>
    </testsuite>
    <testsuite name="src/__tests__/integration/beneficiary-sanitization.test.ts" timestamp="2025-11-12T06:13:26.351Z" hostname="DESKTOP-SMIUJ0M" tests="1" failures="1" errors="0" skipped="0" time="0">
        <testcase classname="src/__tests__/integration/beneficiary-sanitization.test.ts" name="src/__tests__/integration/beneficiary-sanitization.test.ts" time="0">
            <failure message="No test suite found in file c:/Users/isaha/Kafkasder-panel/src/__tests__/integration/beneficiary-sanitization.test.ts" type="Error">
Error: No test suite found in file c:/Users/isaha/Kafkasder-panel/src/__tests__/integration/beneficiary-sanitization.test.ts
            </failure>
        </testcase>
    </testsuite>
    <testsuite name="src/__tests__/lib/api-client.test.ts" timestamp="2025-11-12T06:13:26.352Z" hostname="DESKTOP-SMIUJ0M" tests="1" failures="1" errors="0" skipped="0" time="0">
        <testcase classname="src/__tests__/lib/api-client.test.ts" name="src/__tests__/lib/api-client.test.ts" time="0">
            <failure message="No test suite found in file c:/Users/isaha/Kafkasder-panel/src/__tests__/lib/api-client.test.ts" type="Error">
Error: No test suite found in file c:/Users/isaha/Kafkasder-panel/src/__tests__/lib/api-client.test.ts
            </failure>
        </testcase>
    </testsuite>
    <testsuite name="src/__tests__/lib/beneficiary-validation.test.ts" timestamp="2025-11-12T06:13:26.352Z" hostname="DESKTOP-SMIUJ0M" tests="1" failures="1" errors="0" skipped="0" time="0">
        <testcase classname="src/__tests__/lib/beneficiary-validation.test.ts" name="src/__tests__/lib/beneficiary-validation.test.ts" time="0">
            <failure message="No test suite found in file c:/Users/isaha/Kafkasder-panel/src/__tests__/lib/beneficiary-validation.test.ts" type="Error">
Error: No test suite found in file c:/Users/isaha/Kafkasder-panel/src/__tests__/lib/beneficiary-validation.test.ts
            </failure>
        </testcase>
    </testsuite>
    <testsuite name="src/__tests__/lib/cache-config.test.ts" timestamp="2025-11-12T06:13:26.353Z" hostname="DESKTOP-SMIUJ0M" tests="1" failures="1" errors="0" skipped="0" time="0">
        <testcase classname="src/__tests__/lib/cache-config.test.ts" name="src/__tests__/lib/cache-config.test.ts" time="0">
            <failure message="No test suite found in file c:/Users/isaha/Kafkasder-panel/src/__tests__/lib/cache-config.test.ts" type="Error">
Error: No test suite found in file c:/Users/isaha/Kafkasder-panel/src/__tests__/lib/cache-config.test.ts
            </failure>
        </testcase>
    </testsuite>
    <testsuite name="src/__tests__/lib/env-validation.test.ts" timestamp="2025-11-12T06:13:26.354Z" hostname="DESKTOP-SMIUJ0M" tests="1" failures="1" errors="0" skipped="0" time="0">
        <testcase classname="src/__tests__/lib/env-validation.test.ts" name="src/__tests__/lib/env-validation.test.ts" time="0">
            <failure message="No test suite found in file c:/Users/isaha/Kafkasder-panel/src/__tests__/lib/env-validation.test.ts" type="Error">
Error: No test suite found in file c:/Users/isaha/Kafkasder-panel/src/__tests__/lib/env-validation.test.ts
            </failure>
        </testcase>
    </testsuite>
    <testsuite name="src/__tests__/lib/error-tracker.test.ts" timestamp="2025-11-12T06:13:26.355Z" hostname="DESKTOP-SMIUJ0M" tests="1" failures="1" errors="0" skipped="0" time="0">
        <testcase classname="src/__tests__/lib/error-tracker.test.ts" name="src/__tests__/lib/error-tracker.test.ts" time="0">
            <failure message="No test suite found in file c:/Users/isaha/Kafkasder-panel/src/__tests__/lib/error-tracker.test.ts" type="Error">
Error: No test suite found in file c:/Users/isaha/Kafkasder-panel/src/__tests__/lib/error-tracker.test.ts
            </failure>
        </testcase>
    </testsuite>
    <testsuite name="src/__tests__/lib/errors.test.ts" timestamp="2025-11-12T06:13:26.355Z" hostname="DESKTOP-SMIUJ0M" tests="1" failures="1" errors="0" skipped="0" time="0">
        <testcase classname="src/__tests__/lib/errors.test.ts" name="src/__tests__/lib/errors.test.ts" time="0">
            <failure message="No test suite found in file c:/Users/isaha/Kafkasder-panel/src/__tests__/lib/errors.test.ts" type="Error">
Error: No test suite found in file c:/Users/isaha/Kafkasder-panel/src/__tests__/lib/errors.test.ts
            </failure>
        </testcase>
    </testsuite>
    <testsuite name="src/__tests__/lib/performance.test.ts" timestamp="2025-11-12T06:13:26.356Z" hostname="DESKTOP-SMIUJ0M" tests="1" failures="1" errors="0" skipped="0" time="0">
        <testcase classname="src/__tests__/lib/performance.test.ts" name="src/__tests__/lib/performance.test.ts" time="0">
            <failure message="No test suite found in file c:/Users/isaha/Kafkasder-panel/src/__tests__/lib/performance.test.ts" type="Error">
Error: No test suite found in file c:/Users/isaha/Kafkasder-panel/src/__tests__/lib/performance.test.ts
            </failure>
        </testcase>
    </testsuite>
    <testsuite name="src/__tests__/lib/persistent-cache.test.ts" timestamp="2025-11-12T06:13:26.357Z" hostname="DESKTOP-SMIUJ0M" tests="1" failures="1" errors="0" skipped="0" time="0">
        <testcase classname="src/__tests__/lib/persistent-cache.test.ts" name="src/__tests__/lib/persistent-cache.test.ts" time="0">
            <failure message="No test suite found in file c:/Users/isaha/Kafkasder-panel/src/__tests__/lib/persistent-cache.test.ts" type="Error">
Error: No test suite found in file c:/Users/isaha/Kafkasder-panel/src/__tests__/lib/persistent-cache.test.ts
            </failure>
        </testcase>
    </testsuite>
    <testsuite name="src/__tests__/lib/route-helpers.test.ts" timestamp="2025-11-12T06:13:26.358Z" hostname="DESKTOP-SMIUJ0M" tests="1" failures="1" errors="0" skipped="0" time="0">
        <testcase classname="src/__tests__/lib/route-helpers.test.ts" name="src/__tests__/lib/route-helpers.test.ts" time="0">
            <failure message="No test suite found in file c:/Users/isaha/Kafkasder-panel/src/__tests__/lib/route-helpers.test.ts" type="Error">
Error: No test suite found in file c:/Users/isaha/Kafkasder-panel/src/__tests__/lib/route-helpers.test.ts
            </failure>
        </testcase>
    </testsuite>
    <testsuite name="src/__tests__/lib/sanitization.test.ts" timestamp="2025-11-12T06:13:26.359Z" hostname="DESKTOP-SMIUJ0M" tests="1" failures="1" errors="0" skipped="0" time="0">
        <testcase classname="src/__tests__/lib/sanitization.test.ts" name="src/__tests__/lib/sanitization.test.ts" time="0">
            <failure message="No test suite found in file c:/Users/isaha/Kafkasder-panel/src/__tests__/lib/sanitization.test.ts" type="Error">
Error: No test suite found in file c:/Users/isaha/Kafkasder-panel/src/__tests__/lib/sanitization.test.ts
            </failure>
        </testcase>
    </testsuite>
    <testsuite name="src/__tests__/lib/utils.test.ts" timestamp="2025-11-12T06:13:26.359Z" hostname="DESKTOP-SMIUJ0M" tests="1" failures="1" errors="0" skipped="0" time="0">
        <testcase classname="src/__tests__/lib/utils.test.ts" name="src/__tests__/lib/utils.test.ts" time="0">
            <failure message="No test suite found in file c:/Users/isaha/Kafkasder-panel/src/__tests__/lib/utils.test.ts" type="Error">
Error: No test suite found in file c:/Users/isaha/Kafkasder-panel/src/__tests__/lib/utils.test.ts
            </failure>
        </testcase>
    </testsuite>
    <testsuite name="src/__tests__/lib/validations/beneficiary.test.ts" timestamp="2025-11-12T06:13:26.360Z" hostname="DESKTOP-SMIUJ0M" tests="1" failures="1" errors="0" skipped="0" time="0">
        <testcase classname="src/__tests__/lib/validations/beneficiary.test.ts" name="src/__tests__/lib/validations/beneficiary.test.ts" time="0">
            <failure message="No test suite found in file c:/Users/isaha/Kafkasder-panel/src/__tests__/lib/validations/beneficiary.test.ts" type="Error">
Error: No test suite found in file c:/Users/isaha/Kafkasder-panel/src/__tests__/lib/validations/beneficiary.test.ts
            </failure>
        </testcase>
    </testsuite>
</testsuites>
